[registerUser] START=2026-01-05T13:23:10.465903043Z END=2026-01-05T13:23:11.320447231Z DURATION=854ms
[signInUser] START=2026-01-05T13:23:11.334965593Z END=2026-01-05T13:23:11.472170092Z DURATION=137ms
[registerUser] START=2026-01-05T13:23:11.476431740Z END=2026-01-05T13:23:11.518247250Z DURATION=41ms
[signInUser] START=2026-01-05T13:23:11.518497990Z END=2026-01-05T13:23:11.558345764Z DURATION=39ms
[createPost] START=2026-01-05T13:23:11.559393266Z END=2026-01-05T13:23:10.821349528Z DURATION=-738ms
[getAllPosts] START=2026-01-05T13:23:10.821674062Z END=2026-01-05T13:23:10.889850065Z DURATION=68ms
[getPostByID] START=2026-01-05T13:23:10.890128106Z END=2026-01-05T13:23:10.924081090Z DURATION=33ms
[updatePost] START=2026-01-05T13:23:10.925164514Z END=2026-01-05T13:23:10.958196546Z DURATION=33ms
[deletePost] START=2026-01-05T13:23:10.961568341Z END=2026-01-05T13:23:10.996345286Z DURATION=34ms
[addCommentToPost] START=2026-01-05T13:23:10.997248071Z END=2026-01-05T13:23:11.034651058Z DURATION=37ms
[getAllCommentsForPost] START=2026-01-05T13:23:11.034973643Z END=2026-01-05T13:23:11.106346549Z DURATION=71ms
[getCommentById] START=2026-01-05T13:23:11.106663181Z END=2026-01-05T13:23:11.140275311Z DURATION=33ms
[deleteComment] START=2026-01-05T13:23:11.141454187Z END=2026-01-05T13:23:11.170038594Z DURATION=28ms
[registerUser] START=2026-01-05T13:23:11.170390738Z END=2026-01-05T13:23:11.195388637Z DURATION=24ms
[signInUser] START=2026-01-05T13:23:11.195773624Z END=2026-01-05T13:23:11.225888435Z DURATION=30ms
[createPost] START=2026-01-05T13:23:11.226213791Z END=2026-01-05T13:23:11.295598948Z DURATION=69ms
[getAllPosts] START=2026-01-05T13:23:11.295874730Z END=2026-01-05T13:23:11.333350589Z DURATION=37ms
[getPostByID] START=2026-01-05T13:23:11.333613747Z END=2026-01-05T13:23:11.372336222Z DURATION=38ms
[updatePost] START=2026-01-05T13:23:11.372626271Z END=2026-01-05T13:23:11.403773189Z DURATION=31ms
[deletePost] START=2026-01-05T13:23:11.404130362Z END=2026-01-05T13:23:11.438534739Z DURATION=34ms
[addCommentToPost] START=2026-01-05T13:23:11.438730671Z END=2026-01-05T13:23:11.470162301Z DURATION=31ms
[getAllCommentsForPost] START=2026-01-05T13:23:11.470452658Z END=2026-01-05T13:23:11.527366012Z DURATION=56ms
[getCommentById] START=2026-01-05T13:23:11.527643334Z END=2026-01-05T13:23:11.555066417Z DURATION=27ms
[deleteComment] START=2026-01-05T13:23:11.555339428Z END=2026-01-05T13:23:11.590171283Z DURATION=34ms
[registerUser] START=2026-01-05T13:23:11.590797567Z END=2026-01-05T13:23:11.634093087Z DURATION=43ms
[signInUser] START=2026-01-05T13:23:11.634488030Z END=2026-01-05T13:23:11.663702622Z DURATION=29ms
[createPost] START=2026-01-05T13:23:11.664010633Z END=2026-01-05T13:23:11.741127865Z DURATION=77ms
[getAllPosts] START=2026-01-05T13:23:11.741519523Z END=2026-01-05T13:23:11.769762153Z DURATION=28ms
[getPostByID] START=2026-01-05T13:23:11.770008788Z END=2026-01-05T13:23:11.803925951Z DURATION=33ms
[updatePost] START=2026-01-05T13:23:11.804276658Z END=2026-01-05T13:23:11.838218250Z DURATION=33ms
[deletePost] START=2026-01-05T13:23:11.838505938Z END=2026-01-05T13:23:11.902313962Z DURATION=63ms
[addCommentToPost] START=2026-01-05T13:23:11.902528060Z END=2026-01-05T13:23:11.942691954Z DURATION=40ms
[getAllCommentsForPost] START=2026-01-05T13:23:11.943068935Z END=2026-01-05T13:23:12.012515395Z DURATION=69ms
[getCommentById] START=2026-01-05T13:23:12.012897416Z END=2026-01-05T13:23:12.043244748Z DURATION=30ms
[deleteComment] START=2026-01-05T13:23:12.043526731Z END=2026-01-05T13:23:12.078813644Z DURATION=35ms
