[registerUser] START=2026-01-05T13:21:32.909410128Z END=2026-01-05T13:21:33.998266321Z DURATION=1088ms
[signInUser] START=2026-01-05T13:21:34.021554371Z END=2026-01-05T13:21:34.198439719Z DURATION=176ms
[registerUser] START=2026-01-05T13:21:34.201009158Z END=2026-01-05T13:21:34.260654571Z DURATION=59ms
[signInUser] START=2026-01-05T13:21:34.260924828Z END=2026-01-05T13:21:34.327406306Z DURATION=66ms
[createPost] START=2026-01-05T13:21:34.328466598Z END=2026-01-05T13:21:34.438037015Z DURATION=109ms
[getAllPosts] START=2026-01-05T13:21:34.438323283Z END=2026-01-05T13:21:34.490458068Z DURATION=52ms
[getPostByID] START=2026-01-05T13:21:34.490730685Z END=2026-01-05T13:21:34.546146321Z DURATION=55ms
[updatePost] START=2026-01-05T13:21:34.547158782Z END=2026-01-05T13:21:34.594893712Z DURATION=47ms
[deletePost] START=2026-01-05T13:21:34.602391715Z END=2026-01-05T13:21:34.638372587Z DURATION=35ms
[addCommentToPost] START=2026-01-05T13:21:34.639350766Z END=2026-01-05T13:21:34.674546118Z DURATION=35ms
[getAllCommentsForPost] START=2026-01-05T13:21:34.674854968Z END=2026-01-05T13:21:34.735261062Z DURATION=60ms
[getCommentById] START=2026-01-05T13:21:34.735610763Z END=2026-01-05T13:21:34.774275931Z DURATION=38ms
[deleteComment] START=2026-01-05T13:21:34.775881869Z END=2026-01-05T13:21:34.811923197Z DURATION=36ms
[registerUser] START=2026-01-05T13:21:34.812314161Z END=2026-01-05T13:21:34.873860608Z DURATION=61ms
[signInUser] START=2026-01-05T13:21:34.874296631Z END=2026-01-05T13:21:34.909495986Z DURATION=35ms
[createPost] START=2026-01-05T13:21:34.909827315Z END=2026-01-05T13:21:34.974633469Z DURATION=64ms
[getAllPosts] START=2026-01-05T13:21:34.974840909Z END=2026-01-05T13:21:35.003789259Z DURATION=28ms
[getPostByID] START=2026-01-05T13:21:35.004037960Z END=2026-01-05T13:21:35.046756053Z DURATION=42ms
[updatePost] START=2026-01-05T13:21:35.047020869Z END=2026-01-05T13:21:35.090067827Z DURATION=43ms
[deletePost] START=2026-01-05T13:21:35.090454788Z END=2026-01-05T13:21:35.145568143Z DURATION=55ms
[addCommentToPost] START=2026-01-05T13:21:35.145804014Z END=2026-01-05T13:21:35.174253626Z DURATION=28ms
[getAllCommentsForPost] START=2026-01-05T13:21:35.174496683Z END=2026-01-05T13:21:35.228474303Z DURATION=53ms
[getCommentById] START=2026-01-05T13:21:35.228723210Z END=2026-01-05T13:21:35.253660616Z DURATION=24ms
[deleteComment] START=2026-01-05T13:21:35.253952735Z END=2026-01-05T13:21:35.281993551Z DURATION=28ms
[registerUser] START=2026-01-05T13:21:35.282343429Z END=2026-01-05T13:21:35.319755337Z DURATION=37ms
[signInUser] START=2026-01-05T13:21:35.320202716Z END=2026-01-05T13:21:35.376192083Z DURATION=55ms
[createPost] START=2026-01-05T13:21:35.376466627Z END=2026-01-05T13:21:35.455714968Z DURATION=79ms
[getAllPosts] START=2026-01-05T13:21:35.456016197Z END=2026-01-05T13:21:35.481528180Z DURATION=25ms
[getPostByID] START=2026-01-05T13:21:35.481793282Z END=2026-01-05T13:21:35.510118239Z DURATION=28ms
[updatePost] START=2026-01-05T13:21:35.510439481Z END=2026-01-05T13:21:35.543922894Z DURATION=33ms
[deletePost] START=2026-01-05T13:21:35.544270821Z END=2026-01-05T13:21:35.588089308Z DURATION=43ms
[addCommentToPost] START=2026-01-05T13:21:35.588309970Z END=2026-01-05T13:21:35.633172445Z DURATION=44ms
[getAllCommentsForPost] START=2026-01-05T13:21:35.633575896Z END=2026-01-05T13:21:35.707018474Z DURATION=73ms
[getCommentById] START=2026-01-05T13:21:35.707265923Z END=2026-01-05T13:21:35.733830Z DURATION=26ms
[deleteComment] START=2026-01-05T13:21:35.734129177Z END=2026-01-05T13:21:35.760047279Z DURATION=25ms
